<testsuites id="" name="" tests="3" failures="0" skipped="0" errors="0" time="26.976954999999997">
<testsuite name="basic-page.e2e.test.ts" timestamp="2025-10-16T11:40:45.298Z" hostname="chromium" tests="3" failures="0" skipped="0" time="53.22" errors="0">
<testcase name="기본 페이지 테스트 › 홈페이지가 로드된다" classname="basic-page.e2e.test.ts" time="15.397">
</testcase>
<testcase name="기본 페이지 테스트 › 전문가 페이지가 로드된다" classname="basic-page.e2e.test.ts" time="23.532">
</testcase>
<testcase name="기본 페이지 테스트 › 질문 페이지가 로드된다" classname="basic-page.e2e.test.ts" time="14.291">
</testcase>
</testsuite>
</testsuites>