<testsuites id="" name="" tests="27" failures="0" skipped="0" errors="0" time="58.00774200000001">
<testsuite name="responsive-desktop.e2e.test.ts" timestamp="2025-09-23T11:11:55.253Z" hostname="chromium" tests="27" failures="0" skipped="0" time="213.917" errors="0">
<testcase name="데스크톱 반응형 테스트 › 데스크톱 (1024x768) - 표준 데스크톱 › 페이지가 데스크톱 화면에 맞게 조정됨" classname="responsive-desktop.e2e.test.ts" time="11.405">
</testcase>
<testcase name="데스크톱 반응형 테스트 › 데스크톱 (1024x768) - 표준 데스크톱 › 헤더가 데스크톱에 최적화됨" classname="responsive-desktop.e2e.test.ts" time="11.796">
</testcase>
<testcase name="데스크톱 반응형 테스트 › 데스크톱 (1024x768) - 표준 데스크톱 › 데스크톱 네비게이션이 표시됨" classname="responsive-desktop.e2e.test.ts" time="11.373">
</testcase>
<testcase name="데스크톱 반응형 테스트 › 데스크톱 (1024x768) - 표준 데스크톱 › 카드가 3열로 표시됨" classname="responsive-desktop.e2e.test.ts" time="11.464">
</testcase>
<testcase name="데스크톱 반응형 테스트 › 데스크톱 (1024x768) - 표준 데스크톱 › 마우스 호버 효과가 작동함" classname="responsive-desktop.e2e.test.ts" time="7.018">
</testcase>
<testcase name="데스크톱 반응형 테스트 › 데스크톱 (1024x768) - 표준 데스크톱 › 텍스트가 데스크톱에 적절한 크기" classname="responsive-desktop.e2e.test.ts" time="7.188">
</testcase>
<testcase name="데스크톱 반응형 테스트 › 데스크톱 (1024x768) - 표준 데스크톱 › 콘텐츠가 잘리지 않음" classname="responsive-desktop.e2e.test.ts" time="7.565">
</testcase>
<testcase name="데스크톱 반응형 테스트 › 데스크톱 (1024x768) - 표준 데스크톱 › 카드 간격이 적절함" classname="responsive-desktop.e2e.test.ts" time="6.79">
</testcase>
<testcase name="데스크톱 반응형 테스트 › 대형 데스크톱 (1920x1080) - FHD 모니터 › 카드 레이아웃이 4열로 표시됨" classname="responsive-desktop.e2e.test.ts" time="10.466">
</testcase>
<testcase name="데스크톱 반응형 테스트 › 대형 데스크톱 (1920x1080) - FHD 모니터 › 텍스트가 대형 데스크톱에 적절한 크기" classname="responsive-desktop.e2e.test.ts" time="10.163">
</testcase>
<testcase name="데스크톱 반응형 테스트 › 대형 데스크톱 (1920x1080) - FHD 모니터 › 버튼들이 충분히 큰 크기" classname="responsive-desktop.e2e.test.ts" time="10.1">
</testcase>
<testcase name="데스크톱 반응형 테스트 › 대형 데스크톱 (1920x1080) - FHD 모니터 › 스크롤이 부드럽게 작동함" classname="responsive-desktop.e2e.test.ts" time="12.269">
</testcase>
<testcase name="데스크톱 반응형 테스트 › 대형 데스크톱 (1920x1080) - FHD 모니터 › 카드 너비가 적절함" classname="responsive-desktop.e2e.test.ts" time="9.445">
</testcase>
<testcase name="데스크톱 반응형 테스트 › 대형 데스크톱 (1920x1080) - FHD 모니터 › 네비게이션이 충분히 넓은 공간을 차지함" classname="responsive-desktop.e2e.test.ts" time="9.41">
</testcase>
<testcase name="데스크톱 반응형 테스트 › 데스크톱 카드 컴포넌트 테스트 › QuestionCard 데스크톱 최적화" classname="responsive-desktop.e2e.test.ts" time="10.063">
</testcase>
<testcase name="데스크톱 반응형 테스트 › 데스크톱 카드 컴포넌트 테스트 › 마우스 인터페이스 최적화" classname="responsive-desktop.e2e.test.ts" time="9.439">
</testcase>
<testcase name="데스크톱 반응형 테스트 › 데스크톱 카드 컴포넌트 테스트 › Pretendard Variable 폰트 적용" classname="responsive-desktop.e2e.test.ts" time="5.385">
</testcase>
<testcase name="데스크톱 반응형 테스트 › 데스크톱 카드 컴포넌트 테스트 › 카드 그림자와 둥근 모서리" classname="responsive-desktop.e2e.test.ts" time="5.144">
</testcase>
<testcase name="데스크톱 반응형 테스트 › 데스크톱 카드 컴포넌트 테스트 › 호버 효과 최적화" classname="responsive-desktop.e2e.test.ts" time="5.526">
</testcase>
<testcase name="데스크톱 반응형 테스트 › 데스크톱 성능 테스트 › 페이지 로딩 성능" classname="responsive-desktop.e2e.test.ts" time="9.471">
</testcase>
<testcase name="데스크톱 반응형 테스트 › 데스크톱 성능 테스트 › 스크롤 성능" classname="responsive-desktop.e2e.test.ts" time="5.894">
</testcase>
<testcase name="데스크톱 반응형 테스트 › 데스크톱 성능 테스트 › 이미지 로딩 성능" classname="responsive-desktop.e2e.test.ts" time="4.933">
</testcase>
<testcase name="데스크톱 반응형 테스트 › 데스크톱 성능 테스트 › 애니메이션 성능" classname="responsive-desktop.e2e.test.ts" time="5.045">
</testcase>
<testcase name="데스크톱 반응형 테스트 › 데스크톱 접근성 테스트 › 키보드 네비게이션" classname="responsive-desktop.e2e.test.ts" time="3.772">
</testcase>
<testcase name="데스크톱 반응형 테스트 › 데스크톱 접근성 테스트 › ARIA 레이블" classname="responsive-desktop.e2e.test.ts" time="4.46">
</testcase>
<testcase name="데스크톱 반응형 테스트 › 데스크톱 접근성 테스트 › 색상 대비" classname="responsive-desktop.e2e.test.ts" time="4.174">
</testcase>
<testcase name="데스크톱 반응형 테스트 › 데스크톱 접근성 테스트 › 포커스 표시" classname="responsive-desktop.e2e.test.ts" time="4.159">
</testcase>
</testsuite>
</testsuites>