<testsuites id="" name="" tests="1" failures="0" skipped="0" errors="0" time="14.112833">
<testsuite name="registration.spec.ts" timestamp="2025-10-14T22:17:26.432Z" hostname="chromium" tests="1" failures="0" skipped="0" time="11.742" errors="0">
<testcase name="회원가입 테스트 › 회원가입 폼 제출이 정상적으로 작동한다" classname="registration.spec.ts" time="11.742">
<system-out>
<![CDATA[📄 페이지 제목: 동네물어봐 - 제주 여행 Q&A 커뮤니티
📧 이메일 입력 필드: [33mtrue[39m
📄 페이지 텍스트: (self.__next_f=self.__next_f||[]).push([0]);self.__next_f.push([2,null])self.__next_f.push([1,"1:HL[\"/_next/static/media/bb3ef058b751a6ad-s.p.woff2\",\"font\",{\"crossOrigin\":\"\",\"type\":\"font/woff2\"}]\n2:HL[\"/_next/static/css/app/layout.css?v=1760480249499\",\"style\"]\n0:D{\"name\":\"r2\",\"env\":\"Server\"}\n"])self.__next_f.push([1,"3:I[\"(app-pages-browser)/../../node_modules/next/dist/client/components/app-router.js\",[\"app-pages-internals\",\"static/chunks/app-pages-internals.js\"],\"\"]\n5:I[\"(app-pages-browser)/../../node_modules/next/dist/client/components/client-page.js\",[\"app-pages-internals\",\"static/chunks/app-pages-internals.js\"],\"ClientPageRoot\"]\n6:I[\"(app-pages-browser)/./src/app/auth/signup/page.tsx\",[\"app/auth/signup/page\",\"static/chunks/app/auth/signup/page.js\"],\"default\",1]\n7:I[\"(app-pages-browser)/../../node_modules/next/dist/client/components/layout-router.js\",[\"app-pages-internals\",\"static/chunks/app-pages-internals.js\"],\"\"]\n8:I[\"(app-pages-browser)/../../node_modules/next/dist/client/components/render-from-template-context.js\",[\"app-pages-internals\",\"static/chunks/app-pages-internals.js\"],\"\"]\na:I[\"(app-pages-browser)/./src/contexts/AuthContext.tsx\",[\"app/layout\",\"static/chunks/app/layout.js\"],\"AuthProvider\"]\nb:I[\"(app-pages-browser)/./src/components/providers/DynamicSocketProvider.tsx\",[\"app/layout\",\"static/chunks/app/layout.js\"],\"DynamicSocketProvider\"]\nc:I[\"(app-pages-browser)/./src/app/not-found.tsx\",[\"app/not-found\",\"static/chunks/app/not-found.js\"],\"default\"]\nf:I[\"(app-pages-browser)/../../node_modules/next/dist/client/components/error-boundary.js\",[\"app-pages-internals\",\"static/chunks/app-pages-internals.js\"],\"\"]\n4:D{\"name\":\"\",\"env\":\"Server\"}\n9:D{\"name\":\"RootLayout\",\"env\":\"Server\"}\n9:[\"$\",\"html\",null,{\"lang\":\"ko\",\"children\":[\"$\",\"body\",null,{\"className\":\"__variable_3c557b antialiased\",\"style\":{\"fontFamily\":\"Pretendard Variable, Pretendard, system-ui, -apple-system, Segoe UI, Roboto, Noto Sans KR, Helvetica Neue, Arial, sans-serif\"},\"children\":[\"$\",\"$La\",null,{\"children\":[\"$\",\"$Lb\",null,{\"children\":[\"$\",\"$L7\",null,{\"parallelRouterKey\":\"children\",\"segmentPath\":[\"children\"],\"error\":\"$undefined\",\"errorStyles\":\"$undefined\",\"errorScripts\":\"$undefined\",\"template\":[\"$\",\"$L8\",null,{}],\"templateStyles\":\"$undefined\",\"templateScripts\":\"$undefined\",\"notFound\":[\"$\",\"$Lc\",null,{}],\"notFoundStyles\":[]}]}]}]}]}]\nd:D{\"name\":\"rQ\",\"env\":\"Serve"])self.__next_f.push([1,"r\"}\nd:null\ne:D{\"name\":\"\",\"env\":\"Server\"}\n10:[]\n0:[\"$\",\"$L3\",null,{\"buildId\":\"development\",\"assetPrefix\":\"\",\"urlParts\":[\"\",\"auth\",\"signup\"],\"initialTree\":[\"\",{\"children\":[\"auth\",{\"children\":[\"signup\",{\"children\":[\"__PAGE__\",{}]}]}]},\"$undefined\",\"$undefined\",true],\"initialSeedData\":[\"\",{\"children\":[\"auth\",{\"children\":[\"signup\",{\"children\":[\"__PAGE__\",{},[[\"$L4\",[\"$\",\"$L5\",null,{\"props\":{\"params\":{},\"searchParams\":{}},\"Component\":\"$6\"}],null],null],null]},[null,[\"$\",\"$L7\",null,{\"parallelRouterKey\":\"children\",\"segmentPath\":[\"children\",\"auth\",\"children\",\"signup\",\"children\"],\"error\":\"$undefined\",\"errorStyles\":\"$undefined\",\"errorScripts\":\"$undefined\",\"template\":[\"$\",\"$L8\",null,{}],\"templateStyles\":\"$undefined\",\"templateScripts\":\"$undefined\",\"notFound\":\"$undefined\",\"notFoundStyles\":\"$undefined\"}]],null]},[null,[\"$\",\"$L7\",null,{\"parallelRouterKey\":\"children\",\"segmentPath\":[\"children\",\"auth\",\"children\"],\"error\":\"$undefined\",\"errorStyles\":\"$undefined\",\"errorScripts\":\"$undefined\",\"template\":[\"$\",\"$L8\",null,{}],\"templateStyles\":\"$undefined\",\"templateScripts\":\"$undefined\",\"notFound\":\"$undefined\",\"notFoundStyles\":\"$undefined\"}]],null]},[[[[\"$\",\"link\",\"0\",{\"rel\":\"stylesheet\",\"href\":\"/_next/static/css/app/layout.css?v=1760480249499\",\"precedence\":\"next_static/css/app/layout.css\",\"crossOrigin\":\"$undefined\"}]],\"$9\"],null],null],\"couldBeIntercepted\":false,\"initialHead\":[\"$d\",\"$Le\"],\"globalErrorComponent\":\"$f\",\"missingSlots\":\"$W10\"}]\n"])self.__next_f.push([1,"e:[[\"$\",\"meta\",\"0\",{\"name\":\"viewport\",\"content\":\"width=device-width, initial-scale=1\"}],[\"$\",\"meta\",\"1\",{\"charSet\":\"utf-8\"}],[\"$\",\"title\",\"2\",{\"children\":\"동네물어봐 - 제주 여행 Q\u0026A 커뮤니티\"}],[\"$\",\"meta\",\"3\",{\"name\":\"description\",\"content\":\"제주 여행에 대한 모든 질문과 답변을 공유하는 커뮤니티입니다.\"}],[\"$\",\"link\",\"4\",{\"rel\":\"icon\",\"href\":\"/favicon.ico\",\"type\":\"image/x-icon\",\"sizes\":\"16x16\"}],[\"$\",\"meta\",\"5\",{\"name\":\"next-size-adjust\"}]]\n4:null\n"])동네물어봐제주 여행 Q&A질문 목록카테고리전문가질문하기로그인회원가입제주 여행 커뮤니티에 참여하세요이메일✓ 사용 가능한 이메일입니다비밀번호강함안전한 비밀번호입니다.비밀번호 확인이름닉네임닉네임은 최대 20자까지 입력 가능합니다.이용약관에 동의합니다. *이용약관에 동의해주세요.개인정보처리방침에 동의합니다. *마케팅 정보 수신에 동의합니다. (선택)회원가입또는이미 계정이 있으신가요?로그인하기회원가입 혜택무제한 질문제한 없이 질문하세요전문가 답변현지 전문가 답변실시간 알림답변 알림 받기포인트 적립활동 시 포인트동네물어봐제주도 여행자와 현지 주민을 연결하는 실시간 Q&A 커뮤니티서비스질문하기답변하기전문가커뮤니티지원고객센터이용가이드자주묻는질문문의하기회사회사소개채용정보이용약관개인정보처리방침© 2024 동네물어봐. All rights reserved.
🔍 성공 메시지: [33mfalse[39m
🔍 에러 메시지: [33mfalse[39m
🔍 알림 요소: [33mtrue[39m
📢 알림 메시지가 표시됨
]]>
</system-out>
</testcase>
</testsuite>
</testsuites>