<testsuites id="" name="" tests="12" failures="12" skipped="0" errors="0" time="65.09877200000001">
<testsuite name="user-flows/07-error-handling.e2e.test.ts" timestamp="2025-09-23T02:14:56.657Z" hostname="chromium" tests="12" failures="12" skipped="0" time="227.839" errors="0">
<testcase name="Phase 1.7: 에러 처리 및 입력 검증 › 1.7.1 질문 작성 입력 검증" classname="user-flows/07-error-handling.e2e.test.ts" time="39.202">
<failure message="07-error-handling.e2e.test.ts:9:7 1.7.1 질문 작성 입력 검증" type="FAILURE">
<![CDATA[  [chromium] › user-flows/07-error-handling.e2e.test.ts:9:7 › Phase 1.7: 에러 처리 및 입력 검증 › 1.7.1 질문 작성 입력 검증 

    Test timeout of 30000ms exceeded.

    TimeoutError: page.goto: Timeout 30000ms exceeded.
    Call log:
      - navigating to "http://localhost:3000/questions/new", waiting until "load"


       9 |   test('1.7.1 질문 작성 입력 검증', async ({ page }) => {
      10 |     // Given - 질문 작성 페이지 방문
    > 11 |     await page.goto('http://localhost:3000/questions/new', { waitUntil: 'load' });
         |                ^
      12 |
      13 |     // When - 빈 제목으로 제출 시도
      14 |     await page.fill('[data-testid="question-title"]', '');
        at /Users/ip9202/develop/vibe/jeju-tourlist/apps/web/src/__tests__/e2e/user-flows/07-error-handling.e2e.test.ts:11:16

    attachment #1: video (video/webm) ──────────────────────────────────────────────────────────────
    ../../../../../test-results/user-flows-07-error-handli-fd07e-리-및-입력-검증-1-7-1-질문-작성-입력-검증-chromium/video.webm
    ────────────────────────────────────────────────────────────────────────────────────────────────

    Error Context: ../../../../../test-results/user-flows-07-error-handli-fd07e-리-및-입력-검증-1-7-1-질문-작성-입력-검증-chromium/error-context.md
]]>
</failure>
<system-out>
<![CDATA[
[[ATTACHMENT|user-flows-07-error-handli-fd07e-리-및-입력-검증-1-7-1-질문-작성-입력-검증-chromium/video.webm]]

[[ATTACHMENT|user-flows-07-error-handli-fd07e-리-및-입력-검증-1-7-1-질문-작성-입력-검증-chromium/error-context.md]]
]]>
</system-out>
</testcase>
<testcase name="Phase 1.7: 에러 처리 및 입력 검증 › 1.7.2 질문 내용 최소 길이 검증" classname="user-flows/07-error-handling.e2e.test.ts" time="39.007">
<failure message="07-error-handling.e2e.test.ts:23:7 1.7.2 질문 내용 최소 길이 검증" type="FAILURE">
<![CDATA[  [chromium] › user-flows/07-error-handling.e2e.test.ts:23:7 › Phase 1.7: 에러 처리 및 입력 검증 › 1.7.2 질문 내용 최소 길이 검증 

    Test timeout of 30000ms exceeded.

    TimeoutError: page.goto: Timeout 30000ms exceeded.
    Call log:
      - navigating to "http://localhost:3000/questions/new", waiting until "load"


      23 |   test('1.7.2 질문 내용 최소 길이 검증', async ({ page }) => {
      24 |     // Given - 질문 작성 페이지 방문
    > 25 |     await page.goto('http://localhost:3000/questions/new', { waitUntil: 'load' });
         |                ^
      26 |
      27 |     // When - 너무 짧은 내용으로 제출 시도
      28 |     await page.fill('[data-testid="question-title"]', '제목입니다');
        at /Users/ip9202/develop/vibe/jeju-tourlist/apps/web/src/__tests__/e2e/user-flows/07-error-handling.e2e.test.ts:25:16

    attachment #1: video (video/webm) ──────────────────────────────────────────────────────────────
    ../../../../../test-results/user-flows-07-error-handli-15876--입력-검증-1-7-2-질문-내용-최소-길이-검증-chromium/video.webm
    ────────────────────────────────────────────────────────────────────────────────────────────────

    Error Context: ../../../../../test-results/user-flows-07-error-handli-15876--입력-검증-1-7-2-질문-내용-최소-길이-검증-chromium/error-context.md
]]>
</failure>
<system-out>
<![CDATA[
[[ATTACHMENT|user-flows-07-error-handli-15876--입력-검증-1-7-2-질문-내용-최소-길이-검증-chromium/video.webm]]

[[ATTACHMENT|user-flows-07-error-handli-15876--입력-검증-1-7-2-질문-내용-최소-길이-검증-chromium/error-context.md]]
]]>
</system-out>
</testcase>
<testcase name="Phase 1.7: 에러 처리 및 입력 검증 › 1.7.3 답변 작성 입력 검증" classname="user-flows/07-error-handling.e2e.test.ts" time="39.318">
<failure message="07-error-handling.e2e.test.ts:37:7 1.7.3 답변 작성 입력 검증" type="FAILURE">
<![CDATA[  [chromium] › user-flows/07-error-handling.e2e.test.ts:37:7 › Phase 1.7: 에러 처리 및 입력 검증 › 1.7.3 답변 작성 입력 검증 

    Test timeout of 30000ms exceeded.

    TimeoutError: page.goto: Timeout 30000ms exceeded.
    Call log:
      - navigating to "http://localhost:3000/questions/test-question-123", waiting until "load"


      37 |   test('1.7.3 답변 작성 입력 검증', async ({ page }) => {
      38 |     // Given - 질문 상세 페이지 방문
    > 39 |     await page.goto('http://localhost:3000/questions/test-question-123', { waitUntil: 'load' });
         |                ^
      40 |
      41 |     // When - 빈 답변으로 제출 시도
      42 |     await page.fill('[data-testid="answer-content"]', '');
        at /Users/ip9202/develop/vibe/jeju-tourlist/apps/web/src/__tests__/e2e/user-flows/07-error-handling.e2e.test.ts:39:16

    attachment #1: video (video/webm) ──────────────────────────────────────────────────────────────
    ../../../../../test-results/user-flows-07-error-handli-b1b8f-리-및-입력-검증-1-7-3-답변-작성-입력-검증-chromium/video.webm
    ────────────────────────────────────────────────────────────────────────────────────────────────

    Error Context: ../../../../../test-results/user-flows-07-error-handli-b1b8f-리-및-입력-검증-1-7-3-답변-작성-입력-검증-chromium/error-context.md
]]>
</failure>
<system-out>
<![CDATA[
[[ATTACHMENT|user-flows-07-error-handli-b1b8f-리-및-입력-검증-1-7-3-답변-작성-입력-검증-chromium/video.webm]]

[[ATTACHMENT|user-flows-07-error-handli-b1b8f-리-및-입력-검증-1-7-3-답변-작성-입력-검증-chromium/error-context.md]]
]]>
</system-out>
</testcase>
<testcase name="Phase 1.7: 에러 처리 및 입력 검증 › 1.7.4 검색어 입력 검증" classname="user-flows/07-error-handling.e2e.test.ts" time="39.086">
<failure message="07-error-handling.e2e.test.ts:50:7 1.7.4 검색어 입력 검증" type="FAILURE">
<![CDATA[  [chromium] › user-flows/07-error-handling.e2e.test.ts:50:7 › Phase 1.7: 에러 처리 및 입력 검증 › 1.7.4 검색어 입력 검증 

    Test timeout of 30000ms exceeded.

    TimeoutError: page.goto: Timeout 30000ms exceeded.
    Call log:
      - navigating to "http://localhost:3000/", waiting until "load"


      50 |   test('1.7.4 검색어 입력 검증', async ({ page }) => {
      51 |     // Given - 홈페이지 방문
    > 52 |     await page.goto('http://localhost:3000', { waitUntil: 'load' });
         |                ^
      53 |
      54 |     // When - 빈 검색어로 검색 시도
      55 |     await page.fill('[data-testid="search-input"]', '');
        at /Users/ip9202/develop/vibe/jeju-tourlist/apps/web/src/__tests__/e2e/user-flows/07-error-handling.e2e.test.ts:52:16

    attachment #1: video (video/webm) ──────────────────────────────────────────────────────────────
    ../../../../../test-results/user-flows-07-error-handli-129a1--처리-및-입력-검증-1-7-4-검색어-입력-검증-chromium/video.webm
    ────────────────────────────────────────────────────────────────────────────────────────────────

    Error Context: ../../../../../test-results/user-flows-07-error-handli-129a1--처리-및-입력-검증-1-7-4-검색어-입력-검증-chromium/error-context.md
]]>
</failure>
<system-out>
<![CDATA[
[[ATTACHMENT|user-flows-07-error-handli-129a1--처리-및-입력-검증-1-7-4-검색어-입력-검증-chromium/video.webm]]

[[ATTACHMENT|user-flows-07-error-handli-129a1--처리-및-입력-검증-1-7-4-검색어-입력-검증-chromium/error-context.md]]
]]>
</system-out>
</testcase>
<testcase name="Phase 1.7: 에러 처리 및 입력 검증 › 1.7.5 네트워크 에러 처리" classname="user-flows/07-error-handling.e2e.test.ts" time="10.903">
<failure message="07-error-handling.e2e.test.ts:63:7 1.7.5 네트워크 에러 처리" type="FAILURE">
<![CDATA[  [chromium] › user-flows/07-error-handling.e2e.test.ts:63:7 › Phase 1.7: 에러 처리 및 입력 검증 › 1.7.5 네트워크 에러 처리 

    Error: expect(locator).toBeVisible() failed

    Locator:  locator('[data-testid="network-error"]')
    Expected: visible
    Received: <element(s) not found>
    Timeout:  5000ms

    Call log:
      - Expect "toBeVisible" with timeout 5000ms
      - waiting for locator('[data-testid="network-error"]')


      75 |
      76 |     // Then - 에러 메시지 표시
    > 77 |     await expect(page.locator('[data-testid="network-error"]')).toBeVisible();
         |                                                                 ^
      78 |     await expect(page.locator('[data-testid="network-error"]')).toContainText('서버 오류가 발생했습니다');
      79 |   });
      80 |
        at /Users/ip9202/develop/vibe/jeju-tourlist/apps/web/src/__tests__/e2e/user-flows/07-error-handling.e2e.test.ts:77:65

    attachment #1: screenshot (image/png) ──────────────────────────────────────────────────────────
    ../../../../../test-results/user-flows-07-error-handli-55b5a-처리-및-입력-검증-1-7-5-네트워크-에러-처리-chromium/test-failed-1.png
    ────────────────────────────────────────────────────────────────────────────────────────────────

    attachment #2: video (video/webm) ──────────────────────────────────────────────────────────────
    ../../../../../test-results/user-flows-07-error-handli-55b5a-처리-및-입력-검증-1-7-5-네트워크-에러-처리-chromium/video.webm
    ────────────────────────────────────────────────────────────────────────────────────────────────

    Error Context: ../../../../../test-results/user-flows-07-error-handli-55b5a-처리-및-입력-검증-1-7-5-네트워크-에러-처리-chromium/error-context.md
]]>
</failure>
<system-out>
<![CDATA[
[[ATTACHMENT|user-flows-07-error-handli-55b5a-처리-및-입력-검증-1-7-5-네트워크-에러-처리-chromium/test-failed-1.png]]

[[ATTACHMENT|user-flows-07-error-handli-55b5a-처리-및-입력-검증-1-7-5-네트워크-에러-처리-chromium/video.webm]]

[[ATTACHMENT|user-flows-07-error-handli-55b5a-처리-및-입력-검증-1-7-5-네트워크-에러-처리-chromium/error-context.md]]
]]>
</system-out>
</testcase>
<testcase name="Phase 1.7: 에러 처리 및 입력 검증 › 1.7.6 404 페이지 처리" classname="user-flows/07-error-handling.e2e.test.ts" time="10.453">
<failure message="07-error-handling.e2e.test.ts:81:7 1.7.6 404 페이지 처리" type="FAILURE">
<![CDATA[  [chromium] › user-flows/07-error-handling.e2e.test.ts:81:7 › Phase 1.7: 에러 처리 및 입력 검증 › 1.7.6 404 페이지 처리 

    Error: expect(locator).toContainText(expected) failed

    Locator: locator('h1')
    Expected string: "404"
    Received string: "Build Error"
    Timeout: 5000ms

    Call log:
      - Expect "toContainText" with timeout 5000ms
      - waiting for locator('h1')
        8 × locator resolved to <h1 id="nextjs__container_errors_label">Build Error</h1>
          - unexpected value "Build Error"


      84 |
      85 |     // Then - 404 페이지 표시
    > 86 |     await expect(page.locator('h1')).toContainText('404');
         |                                      ^
      87 |     await expect(page.locator('[data-testid="go-home-button"]')).toBeVisible();
      88 |   });
      89 |
        at /Users/ip9202/develop/vibe/jeju-tourlist/apps/web/src/__tests__/e2e/user-flows/07-error-handling.e2e.test.ts:86:38

    attachment #1: screenshot (image/png) ──────────────────────────────────────────────────────────
    ../../../../../test-results/user-flows-07-error-handli-8402b-처리-및-입력-검증-1-7-6-404-페이지-처리-chromium/test-failed-1.png
    ────────────────────────────────────────────────────────────────────────────────────────────────

    attachment #2: video (video/webm) ──────────────────────────────────────────────────────────────
    ../../../../../test-results/user-flows-07-error-handli-8402b-처리-및-입력-검증-1-7-6-404-페이지-처리-chromium/video.webm
    ────────────────────────────────────────────────────────────────────────────────────────────────

    Error Context: ../../../../../test-results/user-flows-07-error-handli-8402b-처리-및-입력-검증-1-7-6-404-페이지-처리-chromium/error-context.md
]]>
</failure>
<system-out>
<![CDATA[
[[ATTACHMENT|user-flows-07-error-handli-8402b-처리-및-입력-검증-1-7-6-404-페이지-처리-chromium/test-failed-1.png]]

[[ATTACHMENT|user-flows-07-error-handli-8402b-처리-및-입력-검증-1-7-6-404-페이지-처리-chromium/video.webm]]

[[ATTACHMENT|user-flows-07-error-handli-8402b-처리-및-입력-검증-1-7-6-404-페이지-처리-chromium/error-context.md]]
]]>
</system-out>
</testcase>
<testcase name="Phase 1.7: 에러 처리 및 입력 검증 › 1.7.7 폼 제출 중복 방지" classname="user-flows/07-error-handling.e2e.test.ts" time="15.375">
<failure message="07-error-handling.e2e.test.ts:90:7 1.7.7 폼 제출 중복 방지" type="FAILURE">
<![CDATA[  [chromium] › user-flows/07-error-handling.e2e.test.ts:90:7 › Phase 1.7: 에러 처리 및 입력 검증 › 1.7.7 폼 제출 중복 방지 

    TimeoutError: page.fill: Timeout 10000ms exceeded.
    Call log:
      - waiting for locator('[data-testid="question-title"]')


      93 |
      94 |     // When - 빠른 연속 제출 시도
    > 95 |     await page.fill('[data-testid="question-title"]', '제목입니다');
         |                ^
      96 |     await page.fill('[data-testid="question-content"]', '내용입니다');
      97 |     
      98 |     await page.click('[data-testid="submit-question"]');
        at /Users/ip9202/develop/vibe/jeju-tourlist/apps/web/src/__tests__/e2e/user-flows/07-error-handling.e2e.test.ts:95:16

    attachment #1: screenshot (image/png) ──────────────────────────────────────────────────────────
    ../../../../../test-results/user-flows-07-error-handli-a8f6d-처리-및-입력-검증-1-7-7-폼-제출-중복-방지-chromium/test-failed-1.png
    ────────────────────────────────────────────────────────────────────────────────────────────────

    attachment #2: video (video/webm) ──────────────────────────────────────────────────────────────
    ../../../../../test-results/user-flows-07-error-handli-a8f6d-처리-및-입력-검증-1-7-7-폼-제출-중복-방지-chromium/video.webm
    ────────────────────────────────────────────────────────────────────────────────────────────────

    Error Context: ../../../../../test-results/user-flows-07-error-handli-a8f6d-처리-및-입력-검증-1-7-7-폼-제출-중복-방지-chromium/error-context.md
]]>
</failure>
<system-out>
<![CDATA[
[[ATTACHMENT|user-flows-07-error-handli-a8f6d-처리-및-입력-검증-1-7-7-폼-제출-중복-방지-chromium/test-failed-1.png]]

[[ATTACHMENT|user-flows-07-error-handli-a8f6d-처리-및-입력-검증-1-7-7-폼-제출-중복-방지-chromium/video.webm]]

[[ATTACHMENT|user-flows-07-error-handli-a8f6d-처리-및-입력-검증-1-7-7-폼-제출-중복-방지-chromium/error-context.md]]
]]>
</system-out>
</testcase>
<testcase name="Phase 1.7: 에러 처리 및 입력 검증 › 1.7.8 파일 업로드 크기 제한" classname="user-flows/07-error-handling.e2e.test.ts" time="5.48">
<failure message="07-error-handling.e2e.test.ts:106:7 1.7.8 파일 업로드 크기 제한" type="FAILURE">
<![CDATA[  [chromium] › user-flows/07-error-handling.e2e.test.ts:106:7 › Phase 1.7: 에러 처리 및 입력 검증 › 1.7.8 파일 업로드 크기 제한 

    Error: page.setInputFiles: payloads[0].name: expected string, got undefined

      114 |     });
      115 |
    > 116 |     await page.setInputFiles('[data-testid="file-upload"]', largeFile);
          |     ^
      117 |
      118 |     // Then - 파일 크기 에러 메시지 표시
      119 |     await expect(page.locator('[data-testid="file-error"]')).toBeVisible();
        at /Users/ip9202/develop/vibe/jeju-tourlist/apps/web/src/__tests__/e2e/user-flows/07-error-handling.e2e.test.ts:116:5

    attachment #1: screenshot (image/png) ──────────────────────────────────────────────────────────
    ../../../../../test-results/user-flows-07-error-handli-0d647--및-입력-검증-1-7-8-파일-업로드-크기-제한-chromium/test-failed-1.png
    ────────────────────────────────────────────────────────────────────────────────────────────────

    attachment #2: video (video/webm) ──────────────────────────────────────────────────────────────
    ../../../../../test-results/user-flows-07-error-handli-0d647--및-입력-검증-1-7-8-파일-업로드-크기-제한-chromium/video.webm
    ────────────────────────────────────────────────────────────────────────────────────────────────

    Error Context: ../../../../../test-results/user-flows-07-error-handli-0d647--및-입력-검증-1-7-8-파일-업로드-크기-제한-chromium/error-context.md
]]>
</failure>
<system-out>
<![CDATA[
[[ATTACHMENT|user-flows-07-error-handli-0d647--및-입력-검증-1-7-8-파일-업로드-크기-제한-chromium/test-failed-1.png]]

[[ATTACHMENT|user-flows-07-error-handli-0d647--및-입력-검증-1-7-8-파일-업로드-크기-제한-chromium/video.webm]]

[[ATTACHMENT|user-flows-07-error-handli-0d647--및-입력-검증-1-7-8-파일-업로드-크기-제한-chromium/error-context.md]]
]]>
</system-out>
</testcase>
<testcase name="Phase 1.7: 에러 처리 및 입력 검증 › 1.7.9 잘못된 URL 접근 처리" classname="user-flows/07-error-handling.e2e.test.ts" time="6.001">
<failure message="07-error-handling.e2e.test.ts:123:7 1.7.9 잘못된 URL 접근 처리" type="FAILURE">
<![CDATA[  [chromium] › user-flows/07-error-handling.e2e.test.ts:123:7 › Phase 1.7: 에러 처리 및 입력 검증 › 1.7.9 잘못된 URL 접근 처리 

    Error: expect(locator).toBeVisible() failed

    Locator:  locator('[data-testid="question-not-found"]')
    Expected: visible
    Received: <element(s) not found>
    Timeout:  5000ms

    Call log:
      - Expect "toBeVisible" with timeout 5000ms
      - waiting for locator('[data-testid="question-not-found"]')


      126 |
      127 |     // Then - 에러 페이지 표시
    > 128 |     await expect(page.locator('[data-testid="question-not-found"]')).toBeVisible();
          |                                                                      ^
      129 |     await expect(page.locator('[data-testid="question-not-found"]')).toContainText('질문을 찾을 수 없습니다');
      130 |   });
      131 |
        at /Users/ip9202/develop/vibe/jeju-tourlist/apps/web/src/__tests__/e2e/user-flows/07-error-handling.e2e.test.ts:128:70

    attachment #1: screenshot (image/png) ──────────────────────────────────────────────────────────
    ../../../../../test-results/user-flows-07-error-handli-73f7c-및-입력-검증-1-7-9-잘못된-URL-접근-처리-chromium/test-failed-1.png
    ────────────────────────────────────────────────────────────────────────────────────────────────

    attachment #2: video (video/webm) ──────────────────────────────────────────────────────────────
    ../../../../../test-results/user-flows-07-error-handli-73f7c-및-입력-검증-1-7-9-잘못된-URL-접근-처리-chromium/video.webm
    ────────────────────────────────────────────────────────────────────────────────────────────────

    Error Context: ../../../../../test-results/user-flows-07-error-handli-73f7c-및-입력-검증-1-7-9-잘못된-URL-접근-처리-chromium/error-context.md
]]>
</failure>
<system-out>
<![CDATA[
[[ATTACHMENT|user-flows-07-error-handli-73f7c-및-입력-검증-1-7-9-잘못된-URL-접근-처리-chromium/test-failed-1.png]]

[[ATTACHMENT|user-flows-07-error-handli-73f7c-및-입력-검증-1-7-9-잘못된-URL-접근-처리-chromium/video.webm]]

[[ATTACHMENT|user-flows-07-error-handli-73f7c-및-입력-검증-1-7-9-잘못된-URL-접근-처리-chromium/error-context.md]]
]]>
</system-out>
</testcase>
<testcase name="Phase 1.7: 에러 처리 및 입력 검증 › 1.7.10 입력 필드 실시간 검증" classname="user-flows/07-error-handling.e2e.test.ts" time="11.069">
<failure message="07-error-handling.e2e.test.ts:132:7 1.7.10 입력 필드 실시간 검증" type="FAILURE">
<![CDATA[  [chromium] › user-flows/07-error-handling.e2e.test.ts:132:7 › Phase 1.7: 에러 처리 및 입력 검증 › 1.7.10 입력 필드 실시간 검증 

    TimeoutError: page.fill: Timeout 10000ms exceeded.
    Call log:
      - waiting for locator('[data-testid="question-title"]')


      135 |
      136 |     // When - 제목 입력 중
    > 137 |     await page.fill('[data-testid="question-title"]', 'a');
          |                ^
      138 |     await page.waitForTimeout(500);
      139 |
      140 |     // Then - 실시간 검증 메시지 표시
        at /Users/ip9202/develop/vibe/jeju-tourlist/apps/web/src/__tests__/e2e/user-flows/07-error-handling.e2e.test.ts:137:16

    attachment #1: screenshot (image/png) ──────────────────────────────────────────────────────────
    ../../../../../test-results/user-flows-07-error-handli-85a92-및-입력-검증-1-7-10-입력-필드-실시간-검증-chromium/test-failed-1.png
    ────────────────────────────────────────────────────────────────────────────────────────────────

    attachment #2: video (video/webm) ──────────────────────────────────────────────────────────────
    ../../../../../test-results/user-flows-07-error-handli-85a92-및-입력-검증-1-7-10-입력-필드-실시간-검증-chromium/video.webm
    ────────────────────────────────────────────────────────────────────────────────────────────────

    Error Context: ../../../../../test-results/user-flows-07-error-handli-85a92-및-입력-검증-1-7-10-입력-필드-실시간-검증-chromium/error-context.md
]]>
</failure>
<system-out>
<![CDATA[
[[ATTACHMENT|user-flows-07-error-handli-85a92-및-입력-검증-1-7-10-입력-필드-실시간-검증-chromium/test-failed-1.png]]

[[ATTACHMENT|user-flows-07-error-handli-85a92-및-입력-검증-1-7-10-입력-필드-실시간-검증-chromium/video.webm]]

[[ATTACHMENT|user-flows-07-error-handli-85a92-및-입력-검증-1-7-10-입력-필드-실시간-검증-chromium/error-context.md]]
]]>
</system-out>
</testcase>
<testcase name="Phase 1.7: 에러 처리 및 입력 검증 › 1.7.11 세션 만료 처리" classname="user-flows/07-error-handling.e2e.test.ts" time="6.067">
<failure message="07-error-handling.e2e.test.ts:145:7 1.7.11 세션 만료 처리" type="FAILURE">
<![CDATA[  [chromium] › user-flows/07-error-handling.e2e.test.ts:145:7 › Phase 1.7: 에러 처리 및 입력 검증 › 1.7.11 세션 만료 처리 

    Error: expect(page).toHaveURL(expected) failed

    Expected pattern: /.*\/auth\/signin/
    Received string:  "http://localhost:3000/questions/new"
    Timeout: 5000ms

    Call log:
      - Expect "toHaveURL" with timeout 5000ms
        9 × unexpected value "http://localhost:3000/questions/new"


      159 |
      160 |     // Then - 로그인 페이지로 리다이렉트
    > 161 |     await expect(page).toHaveURL(/.*\/auth\/signin/);
          |                        ^
      162 |   });
      163 |
      164 |   test('1.7.12 API 응답 지연 처리', async ({ page }) => {
        at /Users/ip9202/develop/vibe/jeju-tourlist/apps/web/src/__tests__/e2e/user-flows/07-error-handling.e2e.test.ts:161:24

    attachment #1: screenshot (image/png) ──────────────────────────────────────────────────────────
    ../../../../../test-results/user-flows-07-error-handli-e3671--처리-및-입력-검증-1-7-11-세션-만료-처리-chromium/test-failed-1.png
    ────────────────────────────────────────────────────────────────────────────────────────────────

    attachment #2: video (video/webm) ──────────────────────────────────────────────────────────────
    ../../../../../test-results/user-flows-07-error-handli-e3671--처리-및-입력-검증-1-7-11-세션-만료-처리-chromium/video.webm
    ────────────────────────────────────────────────────────────────────────────────────────────────

    Error Context: ../../../../../test-results/user-flows-07-error-handli-e3671--처리-및-입력-검증-1-7-11-세션-만료-처리-chromium/error-context.md
]]>
</failure>
<system-out>
<![CDATA[
[[ATTACHMENT|user-flows-07-error-handli-e3671--처리-및-입력-검증-1-7-11-세션-만료-처리-chromium/test-failed-1.png]]

[[ATTACHMENT|user-flows-07-error-handli-e3671--처리-및-입력-검증-1-7-11-세션-만료-처리-chromium/video.webm]]

[[ATTACHMENT|user-flows-07-error-handli-e3671--처리-및-입력-검증-1-7-11-세션-만료-처리-chromium/error-context.md]]
]]>
</system-out>
</testcase>
<testcase name="Phase 1.7: 에러 처리 및 입력 검증 › 1.7.12 API 응답 지연 처리" classname="user-flows/07-error-handling.e2e.test.ts" time="5.878">
<failure message="07-error-handling.e2e.test.ts:164:7 1.7.12 API 응답 지연 처리" type="FAILURE">
<![CDATA[  [chromium] › user-flows/07-error-handling.e2e.test.ts:164:7 › Phase 1.7: 에러 처리 및 입력 검증 › 1.7.12 API 응답 지연 처리 

    Error: expect(locator).toBeVisible() failed

    Locator:  locator('[data-testid="loading-spinner"]')
    Expected: visible
    Received: <element(s) not found>
    Timeout:  5000ms

    Call log:
      - Expect "toBeVisible" with timeout 5000ms
      - waiting for locator('[data-testid="loading-spinner"]')


      178 |
      179 |     // Then - 로딩 상태 표시
    > 180 |     await expect(page.locator('[data-testid="loading-spinner"]')).toBeVisible();
          |                                                                   ^
      181 |   });
      182 | });
      183 |
        at /Users/ip9202/develop/vibe/jeju-tourlist/apps/web/src/__tests__/e2e/user-flows/07-error-handling.e2e.test.ts:180:67

    attachment #1: screenshot (image/png) ──────────────────────────────────────────────────────────
    ../../../../../test-results/user-flows-07-error-handli-33604-및-입력-검증-1-7-12-API-응답-지연-처리-chromium/test-failed-1.png
    ────────────────────────────────────────────────────────────────────────────────────────────────

    attachment #2: video (video/webm) ──────────────────────────────────────────────────────────────
    ../../../../../test-results/user-flows-07-error-handli-33604-및-입력-검증-1-7-12-API-응답-지연-처리-chromium/video.webm
    ────────────────────────────────────────────────────────────────────────────────────────────────

    Error Context: ../../../../../test-results/user-flows-07-error-handli-33604-및-입력-검증-1-7-12-API-응답-지연-처리-chromium/error-context.md
]]>
</failure>
<system-out>
<![CDATA[
[[ATTACHMENT|user-flows-07-error-handli-33604-및-입력-검증-1-7-12-API-응답-지연-처리-chromium/test-failed-1.png]]

[[ATTACHMENT|user-flows-07-error-handli-33604-및-입력-검증-1-7-12-API-응답-지연-처리-chromium/video.webm]]

[[ATTACHMENT|user-flows-07-error-handli-33604-및-입력-검증-1-7-12-API-응답-지연-처리-chromium/error-context.md]]
]]>
</system-out>
</testcase>
</testsuite>
</testsuites>